{"C:\\Users\\grgas\\Downloads\\GITCL-1\\GITCL-1\\app.js": {"path":"C:\\Users\\grgas\\Downloads\\GITCL-1\\GITCL-1\\app.js","statementMap":{"0":{"start":{"line":1,"column":16},"end":{"line":1,"column":34}},"1":{"start":{"line":2,"column":13},"end":{"line":2,"column":28}},"2":{"start":{"line":3,"column":15},"end":{"line":3,"column":32}},"3":{"start":{"line":4,"column":15},"end":{"line":4,"column":32}},"4":{"start":{"line":5,"column":15},"end":{"line":5,"column":32}},"5":{"start":{"line":6,"column":13},"end":{"line":6,"column":28}},"6":{"start":{"line":7,"column":18},"end":{"line":7,"column":47}},"7":{"start":{"line":9,"column":0},"end":{"line":9,"column":16}},"8":{"start":{"line":12,"column":0},"end":{"line":12,"column":12}},"9":{"start":{"line":15,"column":12},"end":{"line":15,"column":21}},"10":{"start":{"line":18,"column":0},"end":{"line":18,"column":23}},"11":{"start":{"line":19,"column":0},"end":{"line":19,"column":24}},"12":{"start":{"line":20,"column":0},"end":{"line":20,"column":16}},"13":{"start":{"line":24,"column":0},"end":{"line":24,"column":56}},"14":{"start":{"line":26,"column":0},"end":{"line":26,"column":71}},"15":{"start":{"line":29,"column":0},"end":{"line":29,"column":64}},"16":{"start":{"line":31,"column":0},"end":{"line":33,"column":3}},"17":{"start":{"line":32,"column":2},"end":{"line":32,"column":66}},"18":{"start":{"line":34,"column":0},"end":{"line":34,"column":21}}},"fnMap":{"0":{"name":"(anonymous_0)","decl":{"start":{"line":31,"column":13},"end":{"line":31,"column":14}},"loc":{"start":{"line":31,"column":33},"end":{"line":33,"column":1}},"line":31}},"branchMap":{},"s":{"0":2,"1":2,"2":2,"3":2,"4":2,"5":2,"6":2,"7":2,"8":2,"9":2,"10":2,"11":2,"12":2,"13":2,"14":2,"15":2,"16":2,"17":0,"18":2},"f":{"0":0},"b":{},"_coverageSchema":"1a1c01bbd47fc00a2c39e90264f33305004495a9","hash":"9771c838a03cd51b23f7a8733ea9b737671b36f6"}
,"C:\\Users\\grgas\\Downloads\\GITCL-1\\GITCL-1\\config\\connectDb.js": {"path":"C:\\Users\\grgas\\Downloads\\GITCL-1\\GITCL-1\\config\\connectDb.js","statementMap":{"0":{"start":{"line":1,"column":17},"end":{"line":1,"column":36}},"1":{"start":{"line":2,"column":15},"end":{"line":2,"column":32}},"2":{"start":{"line":3,"column":18},"end":{"line":10,"column":1}},"3":{"start":{"line":4,"column":2},"end":{"line":9,"column":3}},"4":{"start":{"line":5,"column":4},"end":{"line":5,"column":50}},"5":{"start":{"line":6,"column":4},"end":{"line":6,"column":78}},"6":{"start":{"line":8,"column":4},"end":{"line":8,"column":34}},"7":{"start":{"line":12,"column":0},"end":{"line":12,"column":27}}},"fnMap":{"0":{"name":"(anonymous_0)","decl":{"start":{"line":3,"column":18},"end":{"line":3,"column":19}},"loc":{"start":{"line":3,"column":30},"end":{"line":10,"column":1}},"line":3}},"branchMap":{},"s":{"0":2,"1":2,"2":2,"3":2,"4":2,"5":2,"6":0,"7":2},"f":{"0":2},"b":{},"_coverageSchema":"1a1c01bbd47fc00a2c39e90264f33305004495a9","hash":"091ba7db5a9fc876d46eba26e117d934829d7f35"}
,"C:\\Users\\grgas\\Downloads\\GITCL-1\\GITCL-1\\controllers\\transactionCtrl.js": {"path":"C:\\Users\\grgas\\Downloads\\GITCL-1\\GITCL-1\\controllers\\transactionCtrl.js","statementMap":{"0":{"start":{"line":1,"column":25},"end":{"line":1,"column":62}},"1":{"start":{"line":2,"column":15},"end":{"line":2,"column":32}},"2":{"start":{"line":3,"column":26},"end":{"line":27,"column":1}},"3":{"start":{"line":4,"column":2},"end":{"line":26,"column":3}},"4":{"start":{"line":5,"column":46},"end":{"line":5,"column":54}},"5":{"start":{"line":6,"column":25},"end":{"line":21,"column":6}},"6":{"start":{"line":22,"column":4},"end":{"line":22,"column":39}},"7":{"start":{"line":24,"column":4},"end":{"line":24,"column":23}},"8":{"start":{"line":25,"column":4},"end":{"line":25,"column":32}},"9":{"start":{"line":29,"column":26},"end":{"line":37,"column":1}},"10":{"start":{"line":30,"column":2},"end":{"line":36,"column":3}},"11":{"start":{"line":31,"column":4},"end":{"line":31,"column":78}},"12":{"start":{"line":32,"column":4},"end":{"line":32,"column":49}},"13":{"start":{"line":34,"column":4},"end":{"line":34,"column":23}},"14":{"start":{"line":35,"column":4},"end":{"line":35,"column":32}},"15":{"start":{"line":38,"column":24},"end":{"line":49,"column":1}},"16":{"start":{"line":39,"column":2},"end":{"line":48,"column":3}},"17":{"start":{"line":40,"column":4},"end":{"line":43,"column":6}},"18":{"start":{"line":44,"column":4},"end":{"line":44,"column":46}},"19":{"start":{"line":46,"column":4},"end":{"line":46,"column":23}},"20":{"start":{"line":47,"column":4},"end":{"line":47,"column":32}},"21":{"start":{"line":51,"column":23},"end":{"line":61,"column":1}},"22":{"start":{"line":52,"column":2},"end":{"line":60,"column":3}},"23":{"start":{"line":54,"column":27},"end":{"line":54,"column":57}},"24":{"start":{"line":55,"column":4},"end":{"line":55,"column":32}},"25":{"start":{"line":56,"column":4},"end":{"line":56,"column":48}},"26":{"start":{"line":58,"column":4},"end":{"line":58,"column":23}},"27":{"start":{"line":59,"column":4},"end":{"line":59,"column":32}},"28":{"start":{"line":63,"column":0},"end":{"line":68,"column":2}}},"fnMap":{"0":{"name":"(anonymous_0)","decl":{"start":{"line":3,"column":26},"end":{"line":3,"column":27}},"loc":{"start":{"line":3,"column":46},"end":{"line":27,"column":1}},"line":3},"1":{"name":"(anonymous_1)","decl":{"start":{"line":29,"column":26},"end":{"line":29,"column":27}},"loc":{"start":{"line":29,"column":46},"end":{"line":37,"column":1}},"line":29},"2":{"name":"(anonymous_2)","decl":{"start":{"line":38,"column":24},"end":{"line":38,"column":25}},"loc":{"start":{"line":38,"column":44},"end":{"line":49,"column":1}},"line":38},"3":{"name":"(anonymous_3)","decl":{"start":{"line":51,"column":23},"end":{"line":51,"column":24}},"loc":{"start":{"line":51,"column":43},"end":{"line":61,"column":1}},"line":51}},"branchMap":{"0":{"loc":{"start":{"line":7,"column":10},"end":{"line":18,"column":11}},"type":"cond-expr","locations":[{"start":{"line":8,"column":10},"end":{"line":12,"column":11}},{"start":{"line":13,"column":10},"end":{"line":18,"column":11}}],"line":7},"1":{"loc":{"start":{"line":20,"column":10},"end":{"line":20,"column":36}},"type":"binary-expr","locations":[{"start":{"line":20,"column":10},"end":{"line":20,"column":24}},{"start":{"line":20,"column":28},"end":{"line":20,"column":36}}],"line":20}},"s":{"0":2,"1":2,"2":2,"3":1,"4":1,"5":1,"6":1,"7":0,"8":0,"9":2,"10":1,"11":1,"12":1,"13":0,"14":0,"15":2,"16":1,"17":1,"18":1,"19":0,"20":0,"21":2,"22":1,"23":1,"24":1,"25":0,"26":1,"27":1,"28":2},"f":{"0":1,"1":1,"2":1,"3":1},"b":{"0":[1,0],"1":[1,1]},"_coverageSchema":"1a1c01bbd47fc00a2c39e90264f33305004495a9","hash":"64f084838b7a4167406be86eab1c04f10a9e0be2"}
,"C:\\Users\\grgas\\Downloads\\GITCL-1\\GITCL-1\\controllers\\userController.js": {"path":"C:\\Users\\grgas\\Downloads\\GITCL-1\\GITCL-1\\controllers\\userController.js","statementMap":{"0":{"start":{"line":1,"column":18},"end":{"line":1,"column":48}},"1":{"start":{"line":4,"column":24},"end":{"line":21,"column":1}},"2":{"start":{"line":5,"column":2},"end":{"line":20,"column":3}},"3":{"start":{"line":6,"column":32},"end":{"line":6,"column":40}},"4":{"start":{"line":7,"column":17},"end":{"line":7,"column":61}},"5":{"start":{"line":8,"column":4},"end":{"line":10,"column":5}},"6":{"start":{"line":9,"column":6},"end":{"line":9,"column":52}},"7":{"start":{"line":11,"column":4},"end":{"line":14,"column":7}},"8":{"start":{"line":16,"column":4},"end":{"line":19,"column":7}},"9":{"start":{"line":24,"column":27},"end":{"line":38,"column":1}},"10":{"start":{"line":25,"column":2},"end":{"line":37,"column":3}},"11":{"start":{"line":26,"column":20},"end":{"line":26,"column":43}},"12":{"start":{"line":27,"column":4},"end":{"line":27,"column":25}},"13":{"start":{"line":28,"column":4},"end":{"line":31,"column":7}},"14":{"start":{"line":33,"column":4},"end":{"line":36,"column":7}},"15":{"start":{"line":40,"column":0},"end":{"line":40,"column":57}}},"fnMap":{"0":{"name":"(anonymous_0)","decl":{"start":{"line":4,"column":24},"end":{"line":4,"column":25}},"loc":{"start":{"line":4,"column":44},"end":{"line":21,"column":1}},"line":4},"1":{"name":"(anonymous_1)","decl":{"start":{"line":24,"column":27},"end":{"line":24,"column":28}},"loc":{"start":{"line":24,"column":47},"end":{"line":38,"column":1}},"line":24}},"branchMap":{"0":{"loc":{"start":{"line":8,"column":4},"end":{"line":10,"column":5}},"type":"if","locations":[{"start":{"line":8,"column":4},"end":{"line":10,"column":5}},{"start":{},"end":{}}],"line":8}},"s":{"0":2,"1":2,"2":2,"3":2,"4":2,"5":2,"6":1,"7":1,"8":0,"9":2,"10":1,"11":1,"12":1,"13":0,"14":1,"15":2},"f":{"0":2,"1":1},"b":{"0":[1,1]},"_coverageSchema":"1a1c01bbd47fc00a2c39e90264f33305004495a9","hash":"b678c3f42849ac4f104c6824e185d9c09d25e4dd"}
,"C:\\Users\\grgas\\Downloads\\GITCL-1\\GITCL-1\\models\\transactionModel.js": {"path":"C:\\Users\\grgas\\Downloads\\GITCL-1\\GITCL-1\\models\\transactionModel.js","statementMap":{"0":{"start":{"line":1,"column":17},"end":{"line":1,"column":36}},"1":{"start":{"line":3,"column":26},"end":{"line":34,"column":1}},"2":{"start":{"line":36,"column":25},"end":{"line":36,"column":74}},"3":{"start":{"line":37,"column":0},"end":{"line":37,"column":34}}},"fnMap":{},"branchMap":{},"s":{"0":2,"1":2,"2":2,"3":2},"f":{},"b":{},"_coverageSchema":"1a1c01bbd47fc00a2c39e90264f33305004495a9","hash":"129b346e63f35d4fd6c450ec01223e1aa14a6334"}
,"C:\\Users\\grgas\\Downloads\\GITCL-1\\GITCL-1\\models\\userModel.js": {"path":"C:\\Users\\grgas\\Downloads\\GITCL-1\\GITCL-1\\models\\userModel.js","statementMap":{"0":{"start":{"line":1,"column":17},"end":{"line":1,"column":36}},"1":{"start":{"line":4,"column":19},"end":{"line":21,"column":1}},"2":{"start":{"line":24,"column":18},"end":{"line":24,"column":53}},"3":{"start":{"line":25,"column":0},"end":{"line":25,"column":27}}},"fnMap":{},"branchMap":{},"s":{"0":2,"1":2,"2":2,"3":2},"f":{},"b":{},"_coverageSchema":"1a1c01bbd47fc00a2c39e90264f33305004495a9","hash":"106e7d581ee4c4cc2123fc45c1ccb73c89f459ad"}
,"C:\\Users\\grgas\\Downloads\\GITCL-1\\GITCL-1\\routes\\transactionRoutes.js": {"path":"C:\\Users\\grgas\\Downloads\\GITCL-1\\GITCL-1\\routes\\transactionRoutes.js","statementMap":{"0":{"start":{"line":1,"column":16},"end":{"line":1,"column":34}},"1":{"start":{"line":7,"column":4},"end":{"line":7,"column":45}},"2":{"start":{"line":10,"column":15},"end":{"line":10,"column":31}},"3":{"start":{"line":14,"column":0},"end":{"line":14,"column":48}},"4":{"start":{"line":16,"column":0},"end":{"line":16,"column":50}},"5":{"start":{"line":18,"column":0},"end":{"line":18,"column":54}},"6":{"start":{"line":21,"column":0},"end":{"line":21,"column":51}},"7":{"start":{"line":23,"column":0},"end":{"line":23,"column":24}}},"fnMap":{},"branchMap":{},"s":{"0":2,"1":2,"2":2,"3":2,"4":2,"5":2,"6":2,"7":2},"f":{},"b":{},"_coverageSchema":"1a1c01bbd47fc00a2c39e90264f33305004495a9","hash":"9ced9baea127d0e20475d9a522fdc159b4da5ae2"}
,"C:\\Users\\grgas\\Downloads\\GITCL-1\\GITCL-1\\routes\\userRoute.js": {"path":"C:\\Users\\grgas\\Downloads\\GITCL-1\\GITCL-1\\routes\\userRoute.js","statementMap":{"0":{"start":{"line":1,"column":16},"end":{"line":1,"column":34}},"1":{"start":{"line":5,"column":4},"end":{"line":5,"column":44}},"2":{"start":{"line":8,"column":15},"end":{"line":8,"column":31}},"3":{"start":{"line":12,"column":0},"end":{"line":12,"column":39}},"4":{"start":{"line":15,"column":0},"end":{"line":15,"column":45}},"5":{"start":{"line":17,"column":0},"end":{"line":17,"column":24}}},"fnMap":{},"branchMap":{},"s":{"0":2,"1":2,"2":2,"3":2,"4":2,"5":2},"f":{},"b":{},"_coverageSchema":"1a1c01bbd47fc00a2c39e90264f33305004495a9","hash":"375ddde1ae344d008fc084bf814bb9de31864920"}
}
