TN:
SF:app.js
FN:31,(anonymous_0)
FNF:1
FNH:0
FNDA:0,(anonymous_0)
DA:1,2
DA:2,2
DA:3,2
DA:4,2
DA:5,2
DA:6,2
DA:7,2
DA:9,2
DA:12,2
DA:15,2
DA:18,2
DA:19,2
DA:20,2
DA:24,2
DA:26,2
DA:29,2
DA:31,2
DA:32,0
DA:34,2
LF:19
LH:18
BRF:0
BRH:0
end_of_record
TN:
SF:config\connectDb.js
FN:3,(anonymous_0)
FNF:1
FNH:1
FNDA:2,(anonymous_0)
DA:1,2
DA:2,2
DA:3,2
DA:4,2
DA:5,2
DA:6,2
DA:8,0
DA:12,2
LF:8
LH:7
BRF:0
BRH:0
end_of_record
TN:
SF:controllers\transactionCtrl.js
FN:3,(anonymous_0)
FN:29,(anonymous_1)
FN:38,(anonymous_2)
FN:51,(anonymous_3)
FNF:4
FNH:4
FNDA:1,(anonymous_0)
FNDA:1,(anonymous_1)
FNDA:1,(anonymous_2)
FNDA:1,(anonymous_3)
DA:1,2
DA:2,2
DA:3,2
DA:4,1
DA:5,1
DA:6,1
DA:22,1
DA:24,0
DA:25,0
DA:29,2
DA:30,1
DA:31,1
DA:32,1
DA:34,0
DA:35,0
DA:38,2
DA:39,1
DA:40,1
DA:44,1
DA:46,0
DA:47,0
DA:51,2
DA:52,1
DA:54,1
DA:55,1
DA:56,0
DA:58,1
DA:59,1
DA:63,2
LF:29
LH:22
BRDA:7,0,0,1
BRDA:7,0,1,0
BRDA:20,1,0,1
BRDA:20,1,1,1
BRF:4
BRH:3
end_of_record
TN:
SF:controllers\userController.js
FN:4,(anonymous_0)
FN:24,(anonymous_1)
FNF:2
FNH:2
FNDA:2,(anonymous_0)
FNDA:1,(anonymous_1)
DA:1,2
DA:4,2
DA:5,2
DA:6,2
DA:7,2
DA:8,2
DA:9,1
DA:11,1
DA:16,0
DA:24,2
DA:25,1
DA:26,1
DA:27,1
DA:28,0
DA:33,1
DA:40,2
LF:16
LH:14
BRDA:8,0,0,1
BRDA:8,0,1,1
BRF:2
BRH:2
end_of_record
TN:
SF:models\transactionModel.js
FNF:0
FNH:0
DA:1,2
DA:3,2
DA:36,2
DA:37,2
LF:4
LH:4
BRF:0
BRH:0
end_of_record
TN:
SF:models\userModel.js
FNF:0
FNH:0
DA:1,2
DA:4,2
DA:24,2
DA:25,2
LF:4
LH:4
BRF:0
BRH:0
end_of_record
TN:
SF:routes\transactionRoutes.js
FNF:0
FNH:0
DA:1,2
DA:7,2
DA:10,2
DA:14,2
DA:16,2
DA:18,2
DA:21,2
DA:23,2
LF:8
LH:8
BRF:0
BRH:0
end_of_record
TN:
SF:routes\userRoute.js
FNF:0
FNH:0
DA:1,2
DA:5,2
DA:8,2
DA:12,2
DA:15,2
DA:17,2
LF:6
LH:6
BRF:0
BRH:0
end_of_record
